[debug] [2024-01-10T17:27:04.759Z] ----------------------------------------------------------------------
[debug] [2024-01-10T17:27:04.761Z] Command:       C:\Program Files\nodejs\node.exe C:\Users\Lawre\AppData\Roaming\npm\node_modules\firebase-tools\lib\bin\firebase.js init
[debug] [2024-01-10T17:27:04.762Z] CLI Version:   12.4.2
[debug] [2024-01-10T17:27:04.762Z] Platform:      win32
[debug] [2024-01-10T17:27:04.762Z] Node Version:  v20.10.0
[debug] [2024-01-10T17:27:04.762Z] Time:          Wed Jan 10 2024 18:27:04 GMT+0100 (West Africa Standard Time)
[debug] [2024-01-10T17:27:04.762Z] ----------------------------------------------------------------------
[debug] 
[debug] [2024-01-10T17:27:04.768Z] > command requires scopes: ["email","openid","https://www.googleapis.com/auth/cloudplatformprojects.readonly","https://www.googleapis.com/auth/firebase","https://www.googleapis.com/auth/cloud-platform"]
[debug] [2024-01-10T17:27:04.768Z] > authorizing via signed-in user (lawrenceyoma@gmail.com)
[info] 
     ######## #### ########  ######## ########     ###     ######  ########
     ##        ##  ##     ## ##       ##     ##  ##   ##  ##       ##
     ######    ##  ########  ######   ########  #########  ######  ######
     ##        ##  ##    ##  ##       ##     ## ##     ##       ## ##
     ##       #### ##     ## ######## ########  ##     ##  ######  ########

You're about to initialize a Firebase project in this directory:

  C:\Users\Lawre\Desktop\projects\sport_fiesta

[info] 
=== Project Setup
[info] 
[info] First, let's associate this project directory with a Firebase project.
[info] You can create multiple project aliases by running firebase use --add, 
[info] but for now we'll just set up a default project.
[info] 
[debug] [2024-01-10T17:27:13.947Z] > refreshing access token with scopes: []
[debug] [2024-01-10T17:27:13.950Z] >>> [apiv2][query] POST https://www.googleapis.com/oauth2/v3/token [none]
[debug] [2024-01-10T17:27:13.950Z] >>> [apiv2][body] POST https://www.googleapis.com/oauth2/v3/token [omitted]
[debug] [2024-01-10T17:27:14.813Z] <<< [apiv2][status] POST https://www.googleapis.com/oauth2/v3/token 200
[debug] [2024-01-10T17:27:14.813Z] <<< [apiv2][body] POST https://www.googleapis.com/oauth2/v3/token [omitted]
[debug] [2024-01-10T17:27:14.821Z] >>> [apiv2][query] GET https://firebase.googleapis.com/v1beta1/projects pageSize=100
[debug] [2024-01-10T17:27:15.793Z] <<< [apiv2][status] GET https://firebase.googleapis.com/v1beta1/projects 200
[debug] [2024-01-10T17:27:15.793Z] <<< [apiv2][body] GET https://firebase.googleapis.com/v1beta1/projects [omitted]
[info] i  Using project sport-fiesta (sport-fiesta) 
[info] 
=== Hosting Setup
[info] 
[info] Your public directory is the folder (relative to your project directory) that
[info] will contain Hosting assets to be uploaded with firebase deploy. If you
[info] have a build process for your assets, use your build's output directory.
[info] 
[debug] [2024-01-10T17:27:52.030Z] ----------------------------------------------------------------------
[debug] [2024-01-10T17:27:52.034Z] Command:       C:\Program Files\nodejs\node.exe C:\Users\Lawre\AppData\Roaming\npm\node_modules\firebase-tools\lib\bin\firebase.js init
[debug] [2024-01-10T17:27:52.035Z] CLI Version:   12.4.2
[debug] [2024-01-10T17:27:52.035Z] Platform:      win32
[debug] [2024-01-10T17:27:52.035Z] Node Version:  v20.10.0
[debug] [2024-01-10T17:27:52.036Z] Time:          Wed Jan 10 2024 18:27:52 GMT+0100 (West Africa Standard Time)
[debug] [2024-01-10T17:27:52.036Z] ----------------------------------------------------------------------
[debug] 
[debug] [2024-01-10T17:27:52.049Z] > command requires scopes: ["email","openid","https://www.googleapis.com/auth/cloudplatformprojects.readonly","https://www.googleapis.com/auth/firebase","https://www.googleapis.com/auth/cloud-platform"]
[debug] [2024-01-10T17:27:52.050Z] > authorizing via signed-in user (lawrenceyoma@gmail.com)
[info] 
     ######## #### ########  ######## ########     ###     ######  ########
     ##        ##  ##     ## ##       ##     ##  ##   ##  ##       ##
     ######    ##  ########  ######   ########  #########  ######  ######
     ##        ##  ##    ##  ##       ##     ## ##     ##       ## ##
     ##       #### ##     ## ######## ########  ##     ##  ######  ########

You're about to initialize a Firebase project in this directory:

  C:\Users\Lawre\Desktop\projects\sport_fiesta

